Arguments: 
  D:\SetSpace\node\node.exe D:\SetSpace\node\node_global\node_modules\yarn\bin\yarn.js add hexo-renderer-stylus

PATH: 
  D:\SetSpace\;C:\Program Files (x86)\Common Files\Oracle\Java\javapath;C:\Windows\system32;C:\Windows;C:\Windows\System32\Wbem;C:\Windows\System32\WindowsPowerShell\v1.0\;C:\Windows\System32\OpenSSH\;C:\Program Files (x86)\Intel\Intel(R) Management Engine Components\DAL;C:\Program Files\Intel\Intel(R) Management Engine Components\DAL;D:\SetSpace\node\;"%JA;A_HOME%\bin;C:\Program Files\Java\jdk1.8.0_211\jre\bin";D:\SDK\tools;D:\SDK\platform-tools;D:\SDK\build-tools;D:\Git\cmd;C:\Program Files\dotnet\;D:\flutter_sdk\flutter\bin;D:\Python27;C:\Users\Dell\AppData\Local\Microsoft\WindowsApps;D:\SetSpace\Microsoft VS Code\bin;D:\SetSpace\node\node_global;

Yarn version: 
  1.17.3

Node version: 
  10.16.0

Platform: 
  win32 x64

Trace: 
  Error: ENOENT: no such file or directory, copyfile 'C:\Users\Dell\AppData\Local\Yarn\Cache\v4\npm-anymatch-1.3.2-553dcb8f91e3c889845dfdba34c77721b90b9d7a\node_modules\anymatch\README.md' -> 'D:\wyweb\unclemin.github.io\node_modules\hexo-prism-plugin\node_modules\anymatch\README.md'

npm manifest: 
  {
    "name": "hexo-site",
    "version": "0.0.0",
    "private": true,
    "scripts": {
      "build": "hexo generate",
      "clean": "hexo clean",
      "deploy": "hexo deploy",
      "server": "hexo server"
    },
    "hexo": {
      "version": "4.2.0"
    },
    "dependencies": {
      "hexo": "^4.0.0",
      "hexo-deployer-git": "^2.1.0",
      "hexo-generator-archive": "^1.0.0",
      "hexo-generator-category": "^1.0.0",
      "hexo-generator-index": "^1.0.0",
      "hexo-generator-tag": "^1.0.0",
      "hexo-prism-plugin": "^2.3.0",
      "hexo-renderer-ejs": "^1.0.0",
      "hexo-renderer-marked": "^2.0.0",
      "hexo-renderer-stylus": "^1.1.0",
      "hexo-server": "^1.0.0"
    },
    "devDependencies": {
      "hexo-browsersync": "^0.3.0",
      "hexo-renderer-stylus": "^1.1.0",
      "hexo-server": "^1.0.0"
    }
  }

yarn manifest: 
  No manifest

Lockfile: 
  No lockfile
